strlist init
memmory allocation head
memmory allocation tail
item < : 0x7fc514500000 0x7fc514500080 AUTOSAR
item < : 0x7fc514500030 0x7fc5145000a0    
item < : 0x7fc5145000c0 0x7fc5145000f0 AR-PACKAGES
item < : 0x7fc514500110 0x7fc514500140       
item < : 0x7fc514500160 0x7fc514500190 PACKAGE
item < : 0x7fc514402840 0x7fc514402870          
item < : 0x7fc514402890 0x7fc5144028c0 SHORT-NAME
item < : 0x7fc5144028e0 0x7fc514402910 Package1
item < : 0x7fc514402930 0x7fc514402960 SHORT-NAME
item < : 0x7fc514402980 0x7fc5144029b0       
item < : 0x7fc5144029d0 0x7fc514402a00 PACKAGE
item < : 0x7fc514402a20 0x7fc514402a50       
item < : 0x7fc514402a70 0x7fc514402aa0 PACKAGE
item < : 0x7fc514600010 0x7fc514600040          
item < : 0x7fc514600060 0x7fc514600090 SHORT-NAME
item < : 0x7fc5146000b0 0x7fc5146000e0 Package2
item < : 0x7fc514600100 0x7fc514600130 SHORT-NAME
item < : 0x7fc514600150 0x7fc514600180       
item < : 0x7fc5146001a0 0x7fc5146001d0 PACKAGE
item < : 0x7fc5146001f0 0x7fc514600220    
item < : 0x7fc514600240 0x7fc514600270 AR-PACKAGES
item < : 0x7fc5146002a0 0x7fc5146002d0 AUTOSAR



item > : 0x7fc514500000 0x7fc514500080 AUTOSAR
item > : 0x7fc514500030 0x7fc5145000a0    
item > : 0x7fc5145000c0 0x7fc5145000f0 AR-PACKAGES
item > : 0x7fc514500110 0x7fc514500140       
item > : 0x7fc514500160 0x7fc514500190 PACKAGE
item > : 0x7fc514402840 0x7fc514402870          
item > : 0x7fc514402890 0x7fc5144028c0 SHORT-NAME
item > : 0x7fc5144028e0 0x7fc514402910 Package1
item > : 0x7fc514402930 0x7fc514402960 SHORT-NAME
item > : 0x7fc514402980 0x7fc5144029b0       
item > : 0x7fc5144029d0 0x7fc514402a00 PACKAGE
item > : 0x7fc514402a20 0x7fc514402a50       
item > : 0x7fc514402a70 0x7fc514402aa0 PACKAGE
item > : 0x7fc514600010 0x7fc514600040          
item > : 0x7fc514600060 0x7fc514600090 SHORT-NAME
item > : 0x7fc5146000b0 0x7fc5146000e0 Package2
item > : 0x7fc514600100 0x7fc514600130 SHORT-NAME
item > : 0x7fc514600150 0x7fc514600180       
item > : 0x7fc5146001a0 0x7fc5146001d0 PACKAGE
item > : 0x7fc5146001f0 0x7fc514600220    
item > : 0x7fc514600240 0x7fc514600270 AR-PACKAGES
item > : 0x7fc5146002a0 0x7fc5146002d0 AUTOSAR
item ~ : 0x7fc5146002a0 0x7fc5146002d0 AUTOSAR
item ~ : 0x7fc514600240 0x7fc514600270 AR-PACKAGES
item ~ : 0x7fc5146001f0 0x7fc514600220    
item ~ : 0x7fc5146001a0 0x7fc5146001d0 PACKAGE
item ~ : 0x7fc514600150 0x7fc514600180       
item ~ : 0x7fc514600100 0x7fc514600130 SHORT-NAME
item ~ : 0x7fc5146000b0 0x7fc5146000e0 Package2
item ~ : 0x7fc514600060 0x7fc514600090 SHORT-NAME
item ~ : 0x7fc514600010 0x7fc514600040          
item ~ : 0x7fc514402a70 0x7fc514402aa0 PACKAGE
item ~ : 0x7fc514402a20 0x7fc514402a50       
item ~ : 0x7fc5144029d0 0x7fc514402a00 PACKAGE
item ~ : 0x7fc514402980 0x7fc5144029b0       
item ~ : 0x7fc514402930 0x7fc514402960 SHORT-NAME
item ~ : 0x7fc5144028e0 0x7fc514402910 Package1
item ~ : 0x7fc514402890 0x7fc5144028c0 SHORT-NAME
item ~ : 0x7fc514402840 0x7fc514402870          
item ~ : 0x7fc514500160 0x7fc514500190 PACKAGE
item ~ : 0x7fc514500110 0x7fc514500140       
item ~ : 0x7fc5145000c0 0x7fc5145000f0 AR-PACKAGES
item ~ : 0x7fc514500030 0x7fc5145000a0    
item ~ : 0x7fc514500000 0x7fc514500080 AUTOSAR
strlist deleted
